Using pre-set license
Built from '2020.3/staging' branch; Version is '2020.3.13f1 (71691879b7f5) revision 7432472'; Using compiler version '192528614'; Build Type 'Release'
OS: 'Windows 10 Pro; OS build 19043.1237; Version 2009; 64bit' Language: 'en' Physical Memory: 16334 MB
BatchMode: 1, IsHumanControllingUs: 0, StartBugReporterOnCrash: 0, Is64bit: 1, IsPro: 0

 COMMAND LINE ARGUMENTS:
C:\Program Files\Unity\Hub\Editor\2020.3.13f1\Editor\Unity.exe
-adb2
-batchMode
-noUpm
-name
AssetImportWorker0
-projectPath
C:/Users/chrus/OneDrive/Desktop/Codename_Funkadelic
-logFile
Logs/AssetImportWorker0.log
-srvPort
63603
Successfully changed project path to: C:/Users/chrus/OneDrive/Desktop/Codename_Funkadelic
C:/Users/chrus/OneDrive/Desktop/Codename_Funkadelic
Using Asset Import Pipeline V2.
Refreshing native plugins compatible for Editor in 24.71 ms, found 2 plugins.
Preloading 0 native plugins for Editor in 0.00 ms.
Initialize engine version: 2020.3.13f1 (71691879b7f5)
[Subsystems] Discovering subsystems at path C:/Program Files/Unity/Hub/Editor/2020.3.13f1/Editor/Data/Resources/UnitySubsystems
[Subsystems] Discovering subsystems at path C:/Users/chrus/OneDrive/Desktop/Codename_Funkadelic/Assets
GfxDevice: creating device client; threaded=0
Direct3D:
    Version:  Direct3D 11.0 [level 11.1]
    Renderer: AMD Radeon (TM) R9 380 Series (ID=0x6939)
    Vendor:   
    VRAM:     4071 MB
    Driver:   27.20.1034.6
Initialize mono
Mono path[0] = 'C:/Program Files/Unity/Hub/Editor/2020.3.13f1/Editor/Data/Managed'
Mono path[1] = 'C:/Program Files/Unity/Hub/Editor/2020.3.13f1/Editor/Data/MonoBleedingEdge/lib/mono/unityjit'
Mono config path = 'C:/Program Files/Unity/Hub/Editor/2020.3.13f1/Editor/Data/MonoBleedingEdge/etc'
Using monoOptions --debugger-agent=transport=dt_socket,embedding=1,server=y,suspend=n,address=127.0.0.1:56572
Begin MonoManager ReloadAssembly
Registering precompiled unity dll's ...
Register platform support module: C:/Program Files/Unity/Hub/Editor/2020.3.13f1/Editor/Data/PlaybackEngines/WindowsStandaloneSupport/UnityEditor.WindowsStandalone.Extensions.dll
Registered in 0.001744 seconds.
Native extension for WindowsStandalone target not found
Refreshing native plugins compatible for Editor in 24.01 ms, found 2 plugins.
Preloading 0 native plugins for Editor in 0.00 ms.
Mono: successfully reloaded assembly
- Completed reload, in  1.585 seconds
Platform modules already initialized, skipping
Registering precompiled user dll's ...
Registered in 0.003366 seconds.
Begin MonoManager ReloadAssembly
Native extension for WindowsStandalone target not found
Refreshing native plugins compatible for Editor in 0.35 ms, found 2 plugins.
Preloading 0 native plugins for Editor in 0.00 ms.
Mono: successfully reloaded assembly
- Completed reload, in  0.805 seconds
Platform modules already initialized, skipping
========================================================================
Worker process is ready to serve import requests
Launched and connected shader compiler UnityShaderCompiler.exe after 0.03 seconds
Refreshing native plugins compatible for Editor in 0.32 ms, found 2 plugins.
Preloading 0 native plugins for Editor in 0.00 ms.
Unloading 1390 Unused Serialized files (Serialized files now loaded: 0)
System memory in use before: 64.7 MB.
System memory in use after: 64.8 MB.

Unloading 19 unused Assets to reduce memory usage. Loaded Objects now: 1823.
Total: 1.723800 ms (FindLiveObjects: 0.149500 ms CreateObjectMapping: 0.030400 ms MarkObjects: 1.473400 ms  DeleteObjects: 0.069700 ms)

AssetImportParameters requested are different than current active one (requested -> active):
  custom:framework-win-MediaFoundation: 216162199b28c13a410421893ffa2e32 -> 
  custom:video-decoder-ogg-theora: a1e56fd34408186e4bbccfd4996cb3dc -> 
  custom:container-muxer-webm: aa71ff27fc2769a1b78a27578f13a17b -> 
  custom:container-demuxer-webm: 4f35f7cbe854078d1ac9338744f61a02 -> 
  custom:container-demuxer-ogg: 62fdf1f143b41e24485cea50d1cbac27 -> 
  custom:video-encoder-webm-vp8: eb34c28f22e8b96e1ab97ce403110664 -> 
  custom:video-decoder-webm-vp8: 9c59270c3fd7afecdb556c50c9e8de78 -> 
  custom:audio-decoder-ogg-vorbis: bf7c407c2cedff20999df2af8eb42d56 -> 
  custom:audio-encoder-webm-vorbis: bf7c407c2cedff20999df2af8eb42d56 -> 
========================================================================
Received Import Request.
  path: Assets/Models
  artifactKey: Guid(79e4364d007d26344a2f524106849fb5) Importer(815301076,1909f56bfc062723c751e8b465ee728b)
Start importing Assets/Models using Guid(79e4364d007d26344a2f524106849fb5) Importer(815301076,1909f56bfc062723c751e8b465ee728b)  -> (artifact id: 'f5eabe33f6b0a79d6d20d41cc1426a51') in 0.008278 seconds 
  Import took 0.010579 seconds .

========================================================================
Received Import Request.
  Time since last request: 3.304891 seconds.
  path: Assets/Prefabs
  artifactKey: Guid(3faca3db0c386b148aad5d2845fd83e2) Importer(815301076,1909f56bfc062723c751e8b465ee728b)
Start importing Assets/Prefabs using Guid(3faca3db0c386b148aad5d2845fd83e2) Importer(815301076,1909f56bfc062723c751e8b465ee728b)  -> (artifact id: '77e07ca487961a991f559ee60119bd86') in 0.006776 seconds 
  Import took 0.009386 seconds .

========================================================================
Received Import Request.
  Time since last request: 0.000577 seconds.
  path: Assets/Prefabs
  artifactKey: Guid(3faca3db0c386b148aad5d2845fd83e2) Importer(815301076,1909f56bfc062723c751e8b465ee728b)
Start importing Assets/Prefabs using Guid(3faca3db0c386b148aad5d2845fd83e2) Importer(815301076,1909f56bfc062723c751e8b465ee728b)  -> (artifact id: '77e07ca487961a991f559ee60119bd86') in 0.002581 seconds 
  Import took 0.004650 seconds .

========================================================================
Received Import Request.
  Time since last request: 4.614328 seconds.
  path: Assets/Scripts
  artifactKey: Guid(bea6539008a327e4ba5a49c14732a528) Importer(815301076,1909f56bfc062723c751e8b465ee728b)
Start importing Assets/Scripts using Guid(bea6539008a327e4ba5a49c14732a528) Importer(815301076,1909f56bfc062723c751e8b465ee728b)  -> (artifact id: '6710b258cf4924459e03d89405750de1') in 0.006723 seconds 
  Import took 0.009426 seconds .

========================================================================
Received Import Request.
  Time since last request: 19.529735 seconds.
  path: Assets/Sprites
  artifactKey: Guid(bd548abae20215a4d84aa7cc8a2e086c) Importer(815301076,1909f56bfc062723c751e8b465ee728b)
Start importing Assets/Sprites using Guid(bd548abae20215a4d84aa7cc8a2e086c) Importer(815301076,1909f56bfc062723c751e8b465ee728b)  -> (artifact id: 'b031b97272c1387527c4051cb76880b5') in 0.005364 seconds 
  Import took 0.009905 seconds .

========================================================================
Received Import Request.
  Time since last request: 15.864579 seconds.
  path: Assets/New Folder
  artifactKey: Guid(ed0d76698b7aab842b9e403f1b2d2f95) Importer(815301076,1909f56bfc062723c751e8b465ee728b)
Start importing Assets/New Folder using Guid(ed0d76698b7aab842b9e403f1b2d2f95) Importer(815301076,1909f56bfc062723c751e8b465ee728b)  -> (artifact id: '0ed9de6b437435c170434bad6bb621b9') in 0.005934 seconds 
  Import took 0.009658 seconds .

========================================================================
Received Import Request.
  Time since last request: 7.837455 seconds.
  path: Assets/Sound
  artifactKey: Guid(ed0d76698b7aab842b9e403f1b2d2f95) Importer(815301076,1909f56bfc062723c751e8b465ee728b)
Start importing Assets/Sound using Guid(ed0d76698b7aab842b9e403f1b2d2f95) Importer(815301076,1909f56bfc062723c751e8b465ee728b)  -> (artifact id: 'e387c28d832f90364da18b1fb08e8c2b') in 0.006959 seconds 
  Import took 0.009552 seconds .

========================================================================
Received Import Request.
  Time since last request: 2.848620 seconds.
  path: Assets/Sounds
  artifactKey: Guid(ed0d76698b7aab842b9e403f1b2d2f95) Importer(815301076,1909f56bfc062723c751e8b465ee728b)
Start importing Assets/Sounds using Guid(ed0d76698b7aab842b9e403f1b2d2f95) Importer(815301076,1909f56bfc062723c751e8b465ee728b)  -> (artifact id: '1073c7b4f98122a4be6f915a91feee42') in 0.005958 seconds 
  Import took 0.008397 seconds .

========================================================================
Received Import Request.
  Time since last request: 12464.748879 seconds.
  path: Assets
  artifactKey: Guid(00000000000000001000000000000000) Importer(815301076,1909f56bfc062723c751e8b465ee728b)
Start importing Assets using Guid(00000000000000001000000000000000) Importer(815301076,1909f56bfc062723c751e8b465ee728b)  -> (artifact id: '42d402b061de3733987d63b9cc3b64de') in 0.007421 seconds 
  Import took 0.038258 seconds .

========================================================================
Received Import Request.
  Time since last request: 4.945025 seconds.
  path: Assets/Materials
  artifactKey: Guid(ac24243a60228724091e5ac8fffd6357) Importer(815301076,1909f56bfc062723c751e8b465ee728b)
Start importing Assets/Materials using Guid(ac24243a60228724091e5ac8fffd6357) Importer(815301076,1909f56bfc062723c751e8b465ee728b)  -> (artifact id: '9b7eadd88a511d4a8a5b50b3ea151f48') in 0.005672 seconds 
  Import took 0.008128 seconds .

========================================================================
Received Import Request.
  Time since last request: 8.297607 seconds.
  path: Assets/Textures
  artifactKey: Guid(33341b9fdb6f6a5488f7081d751761ec) Importer(815301076,1909f56bfc062723c751e8b465ee728b)
Start importing Assets/Textures using Guid(33341b9fdb6f6a5488f7081d751761ec) Importer(815301076,1909f56bfc062723c751e8b465ee728b)  -> (artifact id: '830df851286abaecd54d945c1ae4cfe3') in 0.005712 seconds 
  Import took 0.008735 seconds .

========================================================================
Received Prepare
Registering precompiled user dll's ...
Registered in 0.003589 seconds.
Begin MonoManager ReloadAssembly
Native extension for WindowsStandalone target not found
Refreshing native plugins compatible for Editor in 0.36 ms, found 2 plugins.
Preloading 0 native plugins for Editor in 0.00 ms.
Invalid AssetDatabase path: /Editor/EditorResources/cm_logo_sm.png. Use path relative to the project folder.
UnityEngine.StackTraceUtility:ExtractStackTrace ()
UnityEditor.AssetDatabase:LoadAssetAtPath<UnityEngine.Texture2D> (string)
Cinemachine.Editor.CinemachineSettings:get_CinemachineLogoTexture () (at Library/PackageCache/com.unity.cinemachine@2.6.10/Editor/Windows/CinemachineSettings.cs:205)
Cinemachine.Editor.CinemachineSettings:.cctor () (at Library/PackageCache/com.unity.cinemachine@2.6.10/Editor/Windows/CinemachineSettings.cs:237)
Cinemachine.CinemachineColliderPrefs:.cctor () (at Library/PackageCache/com.unity.cinemachine@2.6.10/Editor/Windows/CinemachineColliderPrefs.cs:61)
System.Runtime.CompilerServices.RuntimeHelpers:RunClassConstructor (System.RuntimeTypeHandle)
UnityEditor.EditorAssemblies:ProcessInitializeOnLoadAttributes (System.Type[])

[Library/PackageCache/com.unity.cinemachine@2.6.10/Editor/Windows/CinemachineSettings.cs line 205]

Mono: successfully reloaded assembly
- Completed reload, in  0.861 seconds
Platform modules already initialized, skipping
Refreshing native plugins compatible for Editor in 0.38 ms, found 2 plugins.
Preloading 0 native plugins for Editor in 0.00 ms.
Unloading 1532 Unused Serialized files (Serialized files now loaded: 0)
System memory in use before: 69.5 MB.
System memory in use after: 69.6 MB.

Unloading 15 unused Assets to reduce memory usage. Loaded Objects now: 1972.
Total: 2.317500 ms (FindLiveObjects: 0.219900 ms CreateObjectMapping: 0.035000 ms MarkObjects: 1.781300 ms  DeleteObjects: 0.279900 ms)

AssetImportParameters requested are different than current active one (requested -> active):
  custom:framework-win-MediaFoundation: 216162199b28c13a410421893ffa2e32 -> 
  custom:video-decoder-ogg-theora: a1e56fd34408186e4bbccfd4996cb3dc -> 
  custom:container-muxer-webm: aa71ff27fc2769a1b78a27578f13a17b -> 
  custom:container-demuxer-webm: 4f35f7cbe854078d1ac9338744f61a02 -> 
  custom:container-demuxer-ogg: 62fdf1f143b41e24485cea50d1cbac27 -> 
  custom:video-encoder-webm-vp8: eb34c28f22e8b96e1ab97ce403110664 -> 
  custom:video-decoder-webm-vp8: 9c59270c3fd7afecdb556c50c9e8de78 -> 
  custom:audio-decoder-ogg-vorbis: bf7c407c2cedff20999df2af8eb42d56 -> 
  custom:audio-encoder-webm-vorbis: bf7c407c2cedff20999df2af8eb42d56 -> 
========================================================================
Received Prepare
Registering precompiled user dll's ...
Registered in 0.006505 seconds.
Begin MonoManager ReloadAssembly
Native extension for WindowsStandalone target not found
Refreshing native plugins compatible for Editor in 0.51 ms, found 2 plugins.
Preloading 0 native plugins for Editor in 0.00 ms.
Mono: successfully reloaded assembly
- Completed reload, in  0.840 seconds
Platform modules already initialized, skipping
Refreshing native plugins compatible for Editor in 0.45 ms, found 2 plugins.
Preloading 0 native plugins for Editor in 0.00 ms.
Unloading 1894 Unused Serialized files (Serialized files now loaded: 0)
System memory in use before: 85.2 MB.
System memory in use after: 83.2 MB.

Unloading 39 unused Assets to reduce memory usage. Loaded Objects now: 2315.
Total: 3.106800 ms (FindLiveObjects: 0.221100 ms CreateObjectMapping: 0.042900 ms MarkObjects: 1.723500 ms  DeleteObjects: 1.117900 ms)

AssetImportParameters requested are different than current active one (requested -> active):
  custom:framework-win-MediaFoundation: 216162199b28c13a410421893ffa2e32 -> 
  custom:video-decoder-ogg-theora: a1e56fd34408186e4bbccfd4996cb3dc -> 
  custom:container-muxer-webm: aa71ff27fc2769a1b78a27578f13a17b -> 
  custom:container-demuxer-webm: 4f35f7cbe854078d1ac9338744f61a02 -> 
  custom:container-demuxer-ogg: 62fdf1f143b41e24485cea50d1cbac27 -> 
  custom:video-encoder-webm-vp8: eb34c28f22e8b96e1ab97ce403110664 -> 
  custom:video-decoder-webm-vp8: 9c59270c3fd7afecdb556c50c9e8de78 -> 
  custom:audio-decoder-ogg-vorbis: bf7c407c2cedff20999df2af8eb42d56 -> 
  custom:audio-encoder-webm-vorbis: bf7c407c2cedff20999df2af8eb42d56 -> 
AssetImportWorkerClient::OnTransportError - code=2 error=End of file
